app/build/intermediates/manifest_merge_blame_file/debug/processDebugMainManifest/manifest-merger-blame-debug-report.txt
1<?xml version="1.0" encoding="utf-8"?>
2<manifest xmlns:android="http://schemas.android.com/apk/res/android"
3    package="com.example.blegame"
4    android:versionCode="1"
5    android:versionName="1.0" >
6
7    <uses-sdk
8        android:minSdkVersion="34"
9        android:targetSdkVersion="35" />
10
11    <!-- Permissions -->
12    <uses-permission android:name="android.permission.BLUETOOTH" />
12-->src\main\AndroidManifest.xml:5:5-67
12-->src\main\AndroidManifest.xml:5:22-65
13    <uses-permission android:name="android.permission.BLUETOOTH_ADMIN" />
13-->src\main\AndroidManifest.xml:6:5-73
13-->src\main\AndroidManifest.xml:6:22-71
14    <uses-permission android:name="android.permission.BLUETOOTH_SCAN" />
14-->src\main\AndroidManifest.xml:7:5-72
14-->src\main\AndroidManifest.xml:7:22-70
15    <uses-permission android:name="android.permission.BLUETOOTH_CONNECT" />
15-->src\main\AndroidManifest.xml:8:5-75
15-->src\main\AndroidManifest.xml:8:22-73
16    <uses-permission android:name="android.permission.ACCESS_FINE_LOCATION" />
16-->src\main\AndroidManifest.xml:9:5-78
16-->src\main\AndroidManifest.xml:9:22-76
17    <uses-permission android:name="android.permission.ACCESS_COARSE_LOCATION" />
17-->src\main\AndroidManifest.xml:10:5-80
17-->src\main\AndroidManifest.xml:10:22-78
18    <uses-permission android:name="android.permission.BLUETOOTH_ADVERTISE" />
18-->src\main\AndroidManifest.xml:11:5-77
18-->src\main\AndroidManifest.xml:11:22-75
19
20    <!-- Feature -->
21    <uses-feature
21-->src\main\AndroidManifest.xml:14:5-89
22        android:name="android.hardware.bluetooth_le"
22-->src\main\AndroidManifest.xml:14:19-63
23        android:required="true" />
23-->src\main\AndroidManifest.xml:14:64-87
24
25    <permission
25-->[androidx.core:core:1.15.0] AndroidManifest.xml:22:5-24:47
26        android:name="com.example.blegame.DYNAMIC_RECEIVER_NOT_EXPORTED_PERMISSION"
26-->[androidx.core:core:1.15.0] AndroidManifest.xml:23:9-81
27        android:protectionLevel="signature" />
27-->[androidx.core:core:1.15.0] AndroidManifest.xml:24:9-44
28
29    <uses-permission android:name="com.example.blegame.DYNAMIC_RECEIVER_NOT_EXPORTED_PERMISSION" />
29-->[androidx.core:core:1.15.0] AndroidManifest.xml:26:5-97
29-->[androidx.core:core:1.15.0] AndroidManifest.xml:26:22-94
30
31    <uses-permission-sdk-23 android:name="android.permission.ACCESS_COARSE_LOCATION" />
31-->[com.polidea.rxandroidble2:rxandroidble:1.11.1] AndroidManifest.xml:14:5-88
31-->[com.polidea.rxandroidble2:rxandroidble:1.11.1] AndroidManifest.xml:14:29-85
32    <uses-permission-sdk-23 android:name="android.permission.ACCESS_FINE_LOCATION" />
32-->[com.polidea.rxandroidble2:rxandroidble:1.11.1] AndroidManifest.xml:15:5-86
32-->[com.polidea.rxandroidble2:rxandroidble:1.11.1] AndroidManifest.xml:15:29-83
33
34    <application
34-->src\main\AndroidManifest.xml:16:5-59:19
35        android:allowBackup="true"
35-->src\main\AndroidManifest.xml:17:9-35
36        android:appComponentFactory="androidx.core.app.CoreComponentFactory"
36-->[androidx.core:core:1.15.0] AndroidManifest.xml:28:18-86
37        android:dataExtractionRules="@xml/data_extraction_rules"
37-->src\main\AndroidManifest.xml:18:9-65
38        android:debuggable="true"
39        android:extractNativeLibs="false"
40        android:fullBackupContent="@xml/backup_rules"
40-->src\main\AndroidManifest.xml:19:9-54
41        android:icon="@mipmap/ic_launcher"
41-->src\main\AndroidManifest.xml:20:9-43
42        android:label="@string/app_name"
42-->src\main\AndroidManifest.xml:21:9-41
43        android:requestLegacyExternalStorage="true"
43-->src\main\AndroidManifest.xml:26:9-52
44        android:roundIcon="@mipmap/ic_launcher_round"
44-->src\main\AndroidManifest.xml:22:9-54
45        android:supportsRtl="true"
45-->src\main\AndroidManifest.xml:23:9-35
46        android:testOnly="true"
47        android:theme="@style/Theme.BLEGame"
47-->src\main\AndroidManifest.xml:24:9-45
48        android:usesCleartextTraffic="true" >
48-->src\main\AndroidManifest.xml:25:9-44
49        <activity
49-->src\main\AndroidManifest.xml:30:9-36:20
50            android:name="com.example.blegame.SplashActivity"
50-->src\main\AndroidManifest.xml:30:19-49
51            android:exported="true" >
51-->src\main\AndroidManifest.xml:30:50-73
52            <intent-filter>
52-->src\main\AndroidManifest.xml:31:13-34:29
53                <action android:name="android.intent.action.MAIN" />
53-->src\main\AndroidManifest.xml:32:17-68
53-->src\main\AndroidManifest.xml:32:25-66
54
55                <category android:name="android.intent.category.LAUNCHER" />
55-->src\main\AndroidManifest.xml:33:17-76
55-->src\main\AndroidManifest.xml:33:27-74
56            </intent-filter>
57        </activity>
58
59        <!-- Define MainActivity as the launcher activity -->
60        <activity
60-->src\main\AndroidManifest.xml:39:9-41:20
61            android:name="com.example.blegame.MainActivity"
61-->src\main\AndroidManifest.xml:39:19-47
62            android:exported="true" >
62-->src\main\AndroidManifest.xml:39:48-71
63        </activity>
64        <activity
64-->src\main\AndroidManifest.xml:43:9-86
65            android:name="com.example.blegame.BLEAppActivity"
65-->src\main\AndroidManifest.xml:43:19-49
66            android:exported="true" >
66-->src\main\AndroidManifest.xml:43:50-73
67        </activity>
68        <!-- <activity android:name=".SplashActivity" android:exported="true">  </activity> -->
69        <activity
69-->src\main\AndroidManifest.xml:45:9-95
70            android:name="com.example.blegame.AdvertisingDataActivity"
70-->src\main\AndroidManifest.xml:45:19-58
71            android:exported="true" >
71-->src\main\AndroidManifest.xml:45:59-82
72        </activity>
73        <activity
73-->src\main\AndroidManifest.xml:46:9-91
74            android:name="com.example.blegame.ServiceListActivity"
74-->src\main\AndroidManifest.xml:46:19-54
75            android:exported="true" >
75-->src\main\AndroidManifest.xml:46:55-78
76        </activity>
77        <!-- GameplayActivity without the MAIN action -->
78        <activity
78-->src\main\AndroidManifest.xml:48:9-89
79            android:name="com.example.blegame.StartGameActivity"
79-->src\main\AndroidManifest.xml:48:19-52
80            android:exported="true" >
80-->src\main\AndroidManifest.xml:48:53-76
81        </activity>
82        <activity
82-->src\main\AndroidManifest.xml:49:9-88
83            android:name="com.example.blegame.GameplayActivity"
83-->src\main\AndroidManifest.xml:49:19-51
84            android:exported="true" >
84-->src\main\AndroidManifest.xml:49:52-75
85        </activity>
86        <!-- Other activities -->
87        <activity
87-->src\main\AndroidManifest.xml:51:9-76
88            android:name="com.example.blegame.WelcomeActivity"
88-->src\main\AndroidManifest.xml:51:19-50
89            android:exported="true" />
89-->src\main\AndroidManifest.xml:51:51-74
90        <activity
90-->src\main\AndroidManifest.xml:52:9-83
91            android:name="com.example.blegame.GameDeviceListActivity"
91-->src\main\AndroidManifest.xml:52:19-57
92            android:exported="true" />
92-->src\main\AndroidManifest.xml:52:58-81
93        <activity
93-->src\main\AndroidManifest.xml:53:9-80
94            android:name="com.example.blegame.MultiplayerActivity"
94-->src\main\AndroidManifest.xml:53:19-54
95            android:exported="true" />
95-->src\main\AndroidManifest.xml:53:55-78
96        <activity
96-->src\main\AndroidManifest.xml:54:9-80
97            android:name="com.example.blegame.SpeedometerActivity"
97-->src\main\AndroidManifest.xml:54:19-54
98            android:exported="true" />
98-->src\main\AndroidManifest.xml:54:55-78
99
100        <meta-data
100-->src\main\AndroidManifest.xml:56:9-58:57
101            android:name="preloaded_fonts"
101-->src\main\AndroidManifest.xml:57:13-43
102            android:resource="@array/preloaded_fonts" />
102-->src\main\AndroidManifest.xml:58:13-54
103
104        <provider
104-->[androidx.emoji2:emoji2:1.3.0] AndroidManifest.xml:24:9-32:20
105            android:name="androidx.startup.InitializationProvider"
105-->[androidx.emoji2:emoji2:1.3.0] AndroidManifest.xml:25:13-67
106            android:authorities="com.example.blegame.androidx-startup"
106-->[androidx.emoji2:emoji2:1.3.0] AndroidManifest.xml:26:13-68
107            android:exported="false" >
107-->[androidx.emoji2:emoji2:1.3.0] AndroidManifest.xml:27:13-37
108            <meta-data
108-->[androidx.emoji2:emoji2:1.3.0] AndroidManifest.xml:29:13-31:52
109                android:name="androidx.emoji2.text.EmojiCompatInitializer"
109-->[androidx.emoji2:emoji2:1.3.0] AndroidManifest.xml:30:17-75
110                android:value="androidx.startup" />
110-->[androidx.emoji2:emoji2:1.3.0] AndroidManifest.xml:31:17-49
111            <meta-data
111-->[androidx.lifecycle:lifecycle-process:2.6.2] AndroidManifest.xml:29:13-31:52
112                android:name="androidx.lifecycle.ProcessLifecycleInitializer"
112-->[androidx.lifecycle:lifecycle-process:2.6.2] AndroidManifest.xml:30:17-78
113                android:value="androidx.startup" />
113-->[androidx.lifecycle:lifecycle-process:2.6.2] AndroidManifest.xml:31:17-49
114            <meta-data
114-->[androidx.profileinstaller:profileinstaller:1.3.1] AndroidManifest.xml:29:13-31:52
115                android:name="androidx.profileinstaller.ProfileInstallerInitializer"
115-->[androidx.profileinstaller:profileinstaller:1.3.1] AndroidManifest.xml:30:17-85
116                android:value="androidx.startup" />
116-->[androidx.profileinstaller:profileinstaller:1.3.1] AndroidManifest.xml:31:17-49
117        </provider>
118
119        <activity
119-->[com.google.android.gms:play-services-base:18.5.0] AndroidManifest.xml:5:9-173
120            android:name="com.google.android.gms.common.api.GoogleApiActivity"
120-->[com.google.android.gms:play-services-base:18.5.0] AndroidManifest.xml:5:19-85
121            android:exported="false"
121-->[com.google.android.gms:play-services-base:18.5.0] AndroidManifest.xml:5:146-170
122            android:theme="@android:style/Theme.Translucent.NoTitleBar" />
122-->[com.google.android.gms:play-services-base:18.5.0] AndroidManifest.xml:5:86-145
123
124        <meta-data
124-->[com.google.android.gms:play-services-basement:18.4.0] AndroidManifest.xml:6:9-122
125            android:name="com.google.android.gms.version"
125-->[com.google.android.gms:play-services-basement:18.4.0] AndroidManifest.xml:6:20-65
126            android:value="@integer/google_play_services_version" />
126-->[com.google.android.gms:play-services-basement:18.4.0] AndroidManifest.xml:6:66-119
127
128        <receiver
128-->[androidx.profileinstaller:profileinstaller:1.3.1] AndroidManifest.xml:34:9-52:20
129            android:name="androidx.profileinstaller.ProfileInstallReceiver"
129-->[androidx.profileinstaller:profileinstaller:1.3.1] AndroidManifest.xml:35:13-76
130            android:directBootAware="false"
130-->[androidx.profileinstaller:profileinstaller:1.3.1] AndroidManifest.xml:36:13-44
131            android:enabled="true"
131-->[androidx.profileinstaller:profileinstaller:1.3.1] AndroidManifest.xml:37:13-35
132            android:exported="true"
132-->[androidx.profileinstaller:profileinstaller:1.3.1] AndroidManifest.xml:38:13-36
133            android:permission="android.permission.DUMP" >
133-->[androidx.profileinstaller:profileinstaller:1.3.1] AndroidManifest.xml:39:13-57
134            <intent-filter>
134-->[androidx.profileinstaller:profileinstaller:1.3.1] AndroidManifest.xml:40:13-42:29
135                <action android:name="androidx.profileinstaller.action.INSTALL_PROFILE" />
135-->[androidx.profileinstaller:profileinstaller:1.3.1] AndroidManifest.xml:41:17-91
135-->[androidx.profileinstaller:profileinstaller:1.3.1] AndroidManifest.xml:41:25-88
136            </intent-filter>
137            <intent-filter>
137-->[androidx.profileinstaller:profileinstaller:1.3.1] AndroidManifest.xml:43:13-45:29
138                <action android:name="androidx.profileinstaller.action.SKIP_FILE" />
138-->[androidx.profileinstaller:profileinstaller:1.3.1] AndroidManifest.xml:44:17-85
138-->[androidx.profileinstaller:profileinstaller:1.3.1] AndroidManifest.xml:44:25-82
139            </intent-filter>
140            <intent-filter>
140-->[androidx.profileinstaller:profileinstaller:1.3.1] AndroidManifest.xml:46:13-48:29
141                <action android:name="androidx.profileinstaller.action.SAVE_PROFILE" />
141-->[androidx.profileinstaller:profileinstaller:1.3.1] AndroidManifest.xml:47:17-88
141-->[androidx.profileinstaller:profileinstaller:1.3.1] AndroidManifest.xml:47:25-85
142            </intent-filter>
143            <intent-filter>
143-->[androidx.profileinstaller:profileinstaller:1.3.1] AndroidManifest.xml:49:13-51:29
144                <action android:name="androidx.profileinstaller.action.BENCHMARK_OPERATION" />
144-->[androidx.profileinstaller:profileinstaller:1.3.1] AndroidManifest.xml:50:17-95
144-->[androidx.profileinstaller:profileinstaller:1.3.1] AndroidManifest.xml:50:25-92
145            </intent-filter>
146        </receiver>
147    </application>
148
149</manifest>